<?xml version="1.0" encoding="UTF-8"?>
<!-- Generated by org.testng.reporters.JUnitReportReporter -->
<testsuite hostname="DESKTOP-OOH5VV8" failures="0" tests="2" name="loginTest.AppTest" time="0.009" errors="0" timestamp="27 Sep 2021 05:46:58 GMT" skipped="0">
  <testcase classname="loginTest.AppTest" name="invalidLoginTest" time="0.004"/>
  <testcase classname="loginTest.AppTest" name="validLoginTest" time="0.005"/>
</testsuite> <!-- loginTest.AppTest -->
