<?xml version="1.0" encoding="UTF-8"?>
<!-- Generated by org.testng.reporters.JUnitReportReporter -->
<testsuite hostname="DESKTOP-OOH5VV8" failures="0" tests="1" name="loginTest.udemyTest" time="8.529" errors="0" timestamp="27 Sep 2021 06:45:07 GMT" skipped="0">
  <testcase classname="loginTest.udemyTest" name="doLogin" time="8.529"/>
</testsuite> <!-- loginTest.udemyTest -->
