<?xml version="1.0" encoding="UTF-8"?>
<!-- Generated by org.testng.reporters.JUnitReportReporter -->
<testsuite hostname="DESKTOP-OOH5VV8" failures="0" tests="1" name="loginTest.ComparisionTc" time="0.017" errors="0" timestamp="27 Sep 2021 05:46:58 GMT" skipped="0">
  <testcase classname="loginTest.ComparisionTc" name="checkingComparision" time="0.017"/>
</testsuite> <!-- loginTest.ComparisionTc -->
